<?xml version="1.0" encoding="UTF-8"?>
<!-- Generated by org.testng.reporters.JUnitReportReporter -->
<testsuite hostname="PUN-PREMG" name="Testcases.LoginAppllication" tests="1" failures="0" timestamp="11 Apr 2017 12:50:39 GMT" time="12.350" errors="0">
  <testcase name="Login" time="12.350" classname="Testcases.LoginAppllication"/>
</testsuite> <!-- Testcases.LoginAppllication -->
